  conv1_net.cpp
c:\z_study\同态加密+神经网络\git\privacy-preserved-nn\c++\conv1_net.h(7): fatal error C1083: 无法打开包括文件: “seal/seal.h”: No such file or directory
  decrypt_middle_result.cpp
c:\z_study\同态加密+神经网络\git\privacy-preserved-nn\c++\decrypt_middle_result.h(10): fatal error C1083: 无法打开包括文件: “seal/seal.h”: No such file or directory
  encryption_inference.cpp
c:\z_study\同态加密+神经网络\git\privacy-preserved-nn\c++\print_all.h(5): fatal error C1083: 无法打开包括文件: “seal/seal.h”: No such file or directory
  exgcd.cpp
c:\z_study\同态加密+神经网络\git\privacy-preserved-nn\c++\exgcd.h(5): fatal error C1083: 无法打开包括文件: “mpirxx.h”: No such file or directory
  identify.cpp
c:\z_study\同态加密+神经网络\git\privacy-preserved-nn\c++\identify.h(3): fatal error C1083: 无法打开包括文件: “mpirxx.h”: No such file or directory
  images_encryptor.cpp
c:\z_study\同态加密+神经网络\git\privacy-preserved-nn\c++\images_encryptor.h(9): fatal error C1083: 无法打开包括文件: “seal/seal.h”: No such file or directory
  nn_2conv.cpp
c:\z_study\同态加密+神经网络\git\privacy-preserved-nn\c++\nn_2conv.h(7): fatal error C1083: 无法打开包括文件: “seal\seal.h”: No such file or directory
  nn_relu.cpp
c:\z_study\同态加密+神经网络\git\privacy-preserved-nn\c++\print_all.h(5): fatal error C1083: 无法打开包括文件: “seal/seal.h”: No such file or directory
  nn_two_crt.cpp
c:\z_study\同态加密+神经网络\git\privacy-preserved-nn\c++\nn_two_crt.h(5): fatal error C1083: 无法打开包括文件: “mpirxx.h”: No such file or directory
  ops.cpp
c:\z_study\同态加密+神经网络\git\privacy-preserved-nn\c++\ops.h(8): fatal error C1083: 无法打开包括文件: “seal/seal.h”: No such file or directory
  parint_all.cpp
c:\z_study\同态加密+神经网络\git\privacy-preserved-nn\c++\print_all.h(5): fatal error C1083: 无法打开包括文件: “seal/seal.h”: No such file or directory
  raw_inference.cpp
c:\z_study\同态加密+神经网络\git\privacy-preserved-nn\c++\print_all.h(5): fatal error C1083: 无法打开包括文件: “seal/seal.h”: No such file or directory
  正在生成代码...
